<?xml version="1.0" encoding="UTF-8"?>
<!-- Generated by org.testng.reporters.JUnitReportReporter -->
<testsuite hostname="WILASSETA0213" failures="0" tests="3" name="swagger.Tests.BooksTest" time="4.281" errors="0" timestamp="2025-05-16T17:33:08 IST" skipped="0">
  <testcase classname="swagger.Tests.BooksTest" name="verifyResponseByFiltering" time="1.120"/>
  <system-out/>
  <testcase classname="swagger.Tests.BooksTest" name="schemaValidationOfResponseFiltering" time="2.498"/>
  <system-out/>
  <testcase classname="swagger.Tests.BooksTest" name="verifyBooksResponsseIsNotNull" time="0.663"/>
  <system-out/>
</testsuite> <!-- swagger.Tests.BooksTest -->
