<?xml version="1.0" encoding="UTF-8"?>
<!-- Generated by org.testng.reporters.JUnitReportReporter -->
<testsuite hostname="WILASSETA0213" failures="0" tests="1" name="FirstClass.GetCreateAndUpdateUser" time="2.728" errors="0" timestamp="2024-08-02T00:34:20 IST" skipped="0">
  <testcase classname="FirstClass.GetCreateAndUpdateUser" name="CreateSingleUser" time="2.728"/>
  <system-out/>
</testsuite> <!-- FirstClass.GetCreateAndUpdateUser -->
