<?xml version="1.0" encoding="UTF-8"?>
<!-- Generated by org.testng.reporters.JUnitReportReporter -->
<testsuite hostname="WILASSETA0213" failures="0" tests="3" name="swagger.Tests.BooksTest" time="4.822" errors="0" timestamp="2025-05-16T19:01:00 IST" skipped="0">
  <testcase classname="swagger.Tests.BooksTest" name="verifyBooksResponsseIsNotNull" time="0.719"/>
  <system-out/>
  <testcase classname="swagger.Tests.BooksTest" name="verifyResponseByFiltering" time="1.354"/>
  <system-out/>
  <testcase classname="swagger.Tests.BooksTest" name="schemaValidationOfResponseFiltering" time="2.749"/>
  <system-out/>
</testsuite> <!-- swagger.Tests.BooksTest -->
